# JRE version: OpenJDK Runtime Environment GraalVM CE 22.3.0 (17.0.5+8) (build 17.0.5+8-jvmci-22.3-b08)
# Java VM: OpenJDK 64-Bit Server VM GraalVM CE 22.3.0 (17.0.5+8-jvmci-22.3-b08, mixed mode, sharing, tiered, jvmci, jvmci compiler, compressed oops, compressed class ptrs, parallel gc, linux-amd64)
GC Precious Log:
 CPUs: 8 total, 1 available
 Memory: 1024M
 Large Page Support: Disabled
 NUMA Support: Disabled
 Compressed Oops: Enabled (32-bit)
 Alignments: Space 512K, Generation 512K, Heap 2M
 Heap Min Capacity: 100M
 Heap Initial Capacity: 100M
 Heap Max Capacity: 512M
 Pre-touch: Disabled
 Parallel Workers: 1
Heap:
 PSYoungGen      total 39936K, used 28672K [0x00000000f5580000, 0x00000000f9100000, 0x0000000100000000)
  eden space 28672K, 100% used [0x00000000f5580000,0x00000000f7180000,0x00000000f7180000)
  from space 11264K, 0% used [0x00000000f7180000,0x00000000f7180000,0x00000000f7c80000)
  to   space 13824K, 0% used [0x00000000f8380000,0x00000000f8380000,0x00000000f9100000)
 ParOldGen       total 349696K, used 349694K [0x00000000e0000000, 0x00000000f5580000, 0x00000000f5580000)
  object space 349696K, 99% used [0x00000000e0000000,0x00000000f557f9b8,0x00000000f5580000)
 Metaspace       used 56836K, committed 58048K, reserved 1105920K
  class space    used 5648K, committed 6144K, reserved 1048576K
GC Heap History (20 events):
Event: 544.677 GC heap before
{Heap before GC invocations=355 (full 228):
 PSYoungGen      total 39936K, used 28671K [0x00000000f5580000, 0x00000000f9100000, 0x0000000100000000)
  eden space 28672K, 99% used [0x00000000f5580000,0x00000000f717fff8,0x00000000f7180000)
  from space 11264K, 0% used [0x00000000f7180000,0x00000000f7180000,0x00000000f7c80000)
  to   space 13824K, 0% used [0x00000000f8380000,0x00000000f8380000,0x00000000f9100000)
 ParOldGen       total 349696K, used 349695K [0x00000000e0000000, 0x00000000f5580000, 0x00000000f5580000)
  object space 349696K, 99% used [0x00000000e0000000,0x00000000f557ffe8,0x00000000f5580000)
 Metaspace       used 56836K, committed 58048K, reserved 1105920K
  class space    used 5648K, committed 6144K, reserved 1048576K
}
Event: 546.574 GC heap after
{Heap after GC invocations=355 (full 228):
 PSYoungGen      total 42496K, used 28671K [0x00000000f5580000, 0x00000000f9100000, 0x0000000100000000)
  eden space 28672K, 99% used [0x00000000f5580000,0x00000000f717ffd8,0x00000000f7180000)
  from space 13824K, 0% used [0x00000000f8380000,0x00000000f8380000,0x00000000f9100000)
  to   space 11264K, 0% used [0x00000000f7180000,0x00000000f7180000,0x00000000f7c80000)
 ParOldGen       total 349696K, used 349695K [0x00000000e0000000, 0x00000000f5580000, 0x00000000f5580000)
  object space 349696K, 99% used [0x00000000e0000000,0x00000000f557ffe8,0x00000000f5580000)
 Metaspace       used 56836K, committed 58048K, reserved 1105920K
  class space    used 5648K, committed 6144K, reserved 1048576K
}
Event: 546.574 GC heap before
{Heap before GC invocations=356 (full 229):
 PSYoungGen      total 42496K, used 28671K [0x00000000f5580000, 0x00000000f9100000, 0x0000000100000000)
  eden space 28672K, 99% used [0x00000000f5580000,0x00000000f717ffd8,0x00000000f7180000)
  from space 13824K, 0% used [0x00000000f8380000,0x00000000f8380000,0x00000000f9100000)
  to   space 11264K, 0% used [0x00000000f7180000,0x00000000f7180000,0x00000000f7c80000)
 ParOldGen       total 349696K, used 349695K [0x00000000e0000000, 0x00000000f5580000, 0x00000000f5580000)
  object space 349696K, 99% used [0x00000000e0000000,0x00000000f557ffe8,0x00000000f5580000)
 Metaspace       used 56836K, committed 58048K, reserved 1105920K
  class space    used 5648K, committed 6144K, reserved 1048576K
}
Event: 548.360 GC heap after
{Heap after GC invocations=356 (full 229):
 PSYoungGen      total 39936K, used 28671K [0x00000000f5580000, 0x00000000f9100000, 0x0000000100000000)
  eden space 28672K, 99% used [0x00000000f5580000,0x00000000f717ffd8,0x00000000f7180000)
  from space 11264K, 0% used [0x00000000f7180000,0x00000000f7180000,0x00000000f7c80000)
  to   space 13824K, 0% used [0x00000000f8380000,0x00000000f8380000,0x00000000f9100000)
 ParOldGen       total 349696K, used 349695K [0x00000000e0000000, 0x00000000f5580000, 0x00000000f5580000)
  object space 349696K, 99% used [0x00000000e0000000,0x00000000f557ffe8,0x00000000f5580000)
 Metaspace       used 56836K, committed 58048K, reserved 1105920K
  class space    used 5648K, committed 6144K, reserved 1048576K
}
Event: 548.363 GC heap before
{Heap before GC invocations=357 (full 230):
 PSYoungGen      total 39936K, used 28671K [0x00000000f5580000, 0x00000000f9100000, 0x0000000100000000)
  eden space 28672K, 99% used [0x00000000f5580000,0x00000000f717fff8,0x00000000f7180000)
  from space 11264K, 0% used [0x00000000f7180000,0x00000000f7180000,0x00000000f7c80000)
  to   space 13824K, 0% used [0x00000000f8380000,0x00000000f8380000,0x00000000f9100000)
 ParOldGen       total 349696K, used 349696K [0x00000000e0000000, 0x00000000f5580000, 0x00000000f5580000)
  object space 349696K, 100% used [0x00000000e0000000,0x00000000f5580000,0x00000000f5580000)
 Metaspace       used 56836K, committed 58048K, reserved 1105920K
  class space    used 5648K, committed 6144K, reserved 1048576K
}
Event: 550.298 GC heap after
{Heap after GC invocations=357 (full 230):
 PSYoungGen      total 42496K, used 28671K [0x00000000f5580000, 0x00000000f9100000, 0x0000000100000000)
  eden space 28672K, 99% used [0x00000000f5580000,0x00000000f717ff70,0x00000000f7180000)
  from space 13824K, 0% used [0x00000000f8380000,0x00000000f8380000,0x00000000f9100000)
  to   space 11264K, 0% used [0x00000000f7180000,0x00000000f7180000,0x00000000f7c80000)
 ParOldGen       total 349696K, used 349693K [0x00000000e0000000, 0x00000000f5580000, 0x00000000f5580000)
  object space 349696K, 99% used [0x00000000e0000000,0x00000000f557f488,0x00000000f5580000)
 Metaspace       used 56836K, committed 58048K, reserved 1105920K
  class space    used 5648K, committed 6144K, reserved 1048576K
}
Event: 550.298 GC heap before
{Heap before GC invocations=358 (full 231):
 PSYoungGen      total 42496K, used 28671K [0x00000000f5580000, 0x00000000f9100000, 0x0000000100000000)
  eden space 28672K, 99% used [0x00000000f5580000,0x00000000f717ffc8,0x00000000f7180000)
  from space 13824K, 0% used [0x00000000f8380000,0x00000000f8380000,0x00000000f9100000)
  to   space 11264K, 0% used [0x00000000f7180000,0x00000000f7180000,0x00000000f7c80000)
 ParOldGen       total 349696K, used 349693K [0x00000000e0000000, 0x00000000f5580000, 0x00000000f5580000)
  object space 349696K, 99% used [0x00000000e0000000,0x00000000f557f488,0x00000000f5580000)
 Metaspace       used 56836K, committed 58048K, reserved 1105920K
  class space    used 5648K, committed 6144K, reserved 1048576K
}
Event: 552.179 GC heap after
{Heap after GC invocations=358 (full 231):
 PSYoungGen      total 39936K, used 28671K [0x00000000f5580000, 0x00000000f9100000, 0x0000000100000000)
  eden space 28672K, 99% used [0x00000000f5580000,0x00000000f717ffc8,0x00000000f7180000)
  from space 11264K, 0% used [0x00000000f7180000,0x00000000f7180000,0x00000000f7c80000)
  to   space 13824K, 0% used [0x00000000f8380000,0x00000000f8380000,0x00000000f9100000)
 ParOldGen       total 349696K, used 349693K [0x00000000e0000000, 0x00000000f5580000, 0x00000000f5580000)
  object space 349696K, 99% used [0x00000000e0000000,0x00000000f557f488,0x00000000f5580000)
 Metaspace       used 56836K, committed 58048K, reserved 1105920K
  class space    used 5648K, committed 6144K, reserved 1048576K
}
Event: 552.180 GC heap before
{Heap before GC invocations=359 (full 232):
 PSYoungGen      total 39936K, used 28672K [0x00000000f5580000, 0x00000000f9100000, 0x0000000100000000)
  eden space 28672K, 100% used [0x00000000f5580000,0x00000000f7180000,0x00000000f7180000)
  from space 11264K, 0% used [0x00000000f7180000,0x00000000f7180000,0x00000000f7c80000)
  to   space 13824K, 0% used [0x00000000f8380000,0x00000000f8380000,0x00000000f9100000)
 ParOldGen       total 349696K, used 349693K [0x00000000e0000000, 0x00000000f5580000, 0x00000000f5580000)
  object space 349696K, 99% used [0x00000000e0000000,0x00000000f557f5b0,0x00000000f5580000)
 Metaspace       used 56836K, committed 58048K, reserved 1105920K
  class space    used 5648K, committed 6144K, reserved 1048576K
}
Event: 553.974 GC heap after
{Heap after GC invocations=359 (full 232):
 PSYoungGen      total 42496K, used 28672K [0x00000000f5580000, 0x00000000f9100000, 0x0000000100000000)
  eden space 28672K, 100% used [0x00000000f5580000,0x00000000f7180000,0x00000000f7180000)
  from space 13824K, 0% used [0x00000000f8380000,0x00000000f8380000,0x00000000f9100000)
  to   space 11264K, 0% used [0x00000000f7180000,0x00000000f7180000,0x00000000f7c80000)
 ParOldGen       total 349696K, used 349693K [0x00000000e0000000, 0x00000000f5580000, 0x00000000f5580000)
  object space 349696K, 99% used [0x00000000e0000000,0x00000000f557f578,0x00000000f5580000)
 Metaspace       used 56836K, committed 58048K, reserved 1105920K
  class space    used 5648K, committed 6144K, reserved 1048576K
}
Event: 553.974 GC heap before
{Heap before GC invocations=360 (full 233):
 PSYoungGen      total 42496K, used 28672K [0x00000000f5580000, 0x00000000f9100000, 0x0000000100000000)
  eden space 28672K, 100% used [0x00000000f5580000,0x00000000f7180000,0x00000000f7180000)
  from space 13824K, 0% used [0x00000000f8380000,0x00000000f8380000,0x00000000f9100000)
  to   space 11264K, 0% used [0x00000000f7180000,0x00000000f7180000,0x00000000f7c80000)
 ParOldGen       total 349696K, used 349693K [0x00000000e0000000, 0x00000000f5580000, 0x00000000f5580000)
  object space 349696K, 99% used [0x00000000e0000000,0x00000000f557f578,0x00000000f5580000)
 Metaspace       used 56836K, committed 58048K, reserved 1105920K
  class space    used 5648K, committed 6144K, reserved 1048576K
}
Event: 555.869 GC heap after
{Heap after GC invocations=360 (full 233):
 PSYoungGen      total 39936K, used 28672K [0x00000000f5580000, 0x00000000f9100000, 0x0000000100000000)
  eden space 28672K, 100% used [0x00000000f5580000,0x00000000f7180000,0x00000000f7180000)
  from space 11264K, 0% used [0x00000000f7180000,0x00000000f7180000,0x00000000f7c80000)
  to   space 13824K, 0% used [0x00000000f8380000,0x00000000f8380000,0x00000000f9100000)
 ParOldGen       total 349696K, used 349693K [0x00000000e0000000, 0x00000000f5580000, 0x00000000f5580000)
  object space 349696K, 99% used [0x00000000e0000000,0x00000000f557f578,0x00000000f5580000)
 Metaspace       used 56836K, committed 58048K, reserved 1105920K
  class space    used 5648K, committed 6144K, reserved 1048576K
}
Event: 555.869 GC heap before
{Heap before GC invocations=361 (full 234):
 PSYoungGen      total 39936K, used 28672K [0x00000000f5580000, 0x00000000f9100000, 0x0000000100000000)
  eden space 28672K, 100% used [0x00000000f5580000,0x00000000f7180000,0x00000000f7180000)
  from space 11264K, 0% used [0x00000000f7180000,0x00000000f7180000,0x00000000f7c80000)
  to   space 13824K, 0% used [0x00000000f8380000,0x00000000f8380000,0x00000000f9100000)
 ParOldGen       total 349696K, used 349694K [0x00000000e0000000, 0x00000000f5580000, 0x00000000f5580000)
  object space 349696K, 99% used [0x00000000e0000000,0x00000000f557f810,0x00000000f5580000)
 Metaspace       used 56836K, committed 58048K, reserved 1105920K
  class space    used 5648K, committed 6144K, reserved 1048576K
}
Event: 557.588 GC heap after
{Heap after GC invocations=361 (full 234):
 PSYoungGen      total 42496K, used 28671K [0x00000000f5580000, 0x00000000f9100000, 0x0000000100000000)
  eden space 28672K, 99% used [0x00000000f5580000,0x00000000f717ff98,0x00000000f7180000)
  from space 13824K, 0% used [0x00000000f8380000,0x00000000f8380000,0x00000000f9100000)
  to   space 11264K, 0% used [0x00000000f7180000,0x00000000f7180000,0x00000000f7c80000)
 ParOldGen       total 349696K, used 349693K [0x00000000e0000000, 0x00000000f5580000, 0x00000000f5580000)
  object space 349696K, 99% used [0x00000000e0000000,0x00000000f557f6f0,0x00000000f5580000)
 Metaspace       used 56836K, committed 58048K, reserved 1105920K
  class space    used 5648K, committed 6144K, reserved 1048576K
}
Event: 557.588 GC heap before
{Heap before GC invocations=362 (full 235):
 PSYoungGen      total 42496K, used 28671K [0x00000000f5580000, 0x00000000f9100000, 0x0000000100000000)
  eden space 28672K, 99% used [0x00000000f5580000,0x00000000f717ff98,0x00000000f7180000)
  from space 13824K, 0% used [0x00000000f8380000,0x00000000f8380000,0x00000000f9100000)
  to   space 11264K, 0% used [0x00000000f7180000,0x00000000f7180000,0x00000000f7c80000)
 ParOldGen       total 349696K, used 349693K [0x00000000e0000000, 0x00000000f5580000, 0x00000000f5580000)
  object space 349696K, 99% used [0x00000000e0000000,0x00000000f557f6f0,0x00000000f5580000)
 Metaspace       used 56836K, committed 58048K, reserved 1105920K
  class space    used 5648K, committed 6144K, reserved 1048576K
}
Event: 559.377 GC heap after
{Heap after GC invocations=362 (full 235):
 PSYoungGen      total 39936K, used 28671K [0x00000000f5580000, 0x00000000f9100000, 0x0000000100000000)
  eden space 28672K, 99% used [0x00000000f5580000,0x00000000f717ff98,0x00000000f7180000)
  from space 11264K, 0% used [0x00000000f7180000,0x00000000f7180000,0x00000000f7c80000)
  to   space 13824K, 0% used [0x00000000f8380000,0x00000000f8380000,0x00000000f9100000)
 ParOldGen       total 349696K, used 349693K [0x00000000e0000000, 0x00000000f5580000, 0x00000000f5580000)
  object space 349696K, 99% used [0x00000000e0000000,0x00000000f557f6f0,0x00000000f5580000)
 Metaspace       used 56836K, committed 58048K, reserved 1105920K
  class space    used 5648K, committed 6144K, reserved 1048576K
}
Event: 559.386 GC heap before
{Heap before GC invocations=363 (full 236):
 PSYoungGen      total 39936K, used 28671K [0x00000000f5580000, 0x00000000f9100000, 0x0000000100000000)
  eden space 28672K, 99% used [0x00000000f5580000,0x00000000f717fff8,0x00000000f7180000)
  from space 11264K, 0% used [0x00000000f7180000,0x00000000f7180000,0x00000000f7c80000)
  to   space 13824K, 0% used [0x00000000f8380000,0x00000000f8380000,0x00000000f9100000)
 ParOldGen       total 349696K, used 349693K [0x00000000e0000000, 0x00000000f5580000, 0x00000000f5580000)
  object space 349696K, 99% used [0x00000000e0000000,0x00000000f557f770,0x00000000f5580000)
 Metaspace       used 56836K, committed 58048K, reserved 1105920K
  class space    used 5648K, committed 6144K, reserved 1048576K
}
Event: 561.170 GC heap after
{Heap after GC invocations=363 (full 236):
 PSYoungGen      total 42496K, used 28671K [0x00000000f5580000, 0x00000000f9100000, 0x0000000100000000)
  eden space 28672K, 99% used [0x00000000f5580000,0x00000000f717ffb8,0x00000000f7180000)
  from space 13824K, 0% used [0x00000000f8380000,0x00000000f8380000,0x00000000f9100000)
  to   space 11264K, 0% used [0x00000000f7180000,0x00000000f7180000,0x00000000f7c80000)
 ParOldGen       total 349696K, used 349693K [0x00000000e0000000, 0x00000000f5580000, 0x00000000f5580000)
  object space 349696K, 99% used [0x00000000e0000000,0x00000000f557f6f0,0x00000000f5580000)
 Metaspace       used 56836K, committed 58048K, reserved 1105920K
  class space    used 5648K, committed 6144K, reserved 1048576K
}
Event: 561.170 GC heap before
{Heap before GC invocations=364 (full 237):
 PSYoungGen      total 42496K, used 28671K [0x00000000f5580000, 0x00000000f9100000, 0x0000000100000000)
  eden space 28672K, 99% used [0x00000000f5580000,0x00000000f717ffb8,0x00000000f7180000)
  from space 13824K, 0% used [0x00000000f8380000,0x00000000f8380000,0x00000000f9100000)
  to   space 11264K, 0% used [0x00000000f7180000,0x00000000f7180000,0x00000000f7c80000)
 ParOldGen       total 349696K, used 349693K [0x00000000e0000000, 0x00000000f5580000, 0x00000000f5580000)
  object space 349696K, 99% used [0x00000000e0000000,0x00000000f557f6f0,0x00000000f5580000)
 Metaspace       used 56836K, committed 58048K, reserved 1105920K
  class space    used 5648K, committed 6144K, reserved 1048576K
}
Event: 562.974 GC heap after
{Heap after GC invocations=364 (full 237):
 PSYoungGen      total 39936K, used 28671K [0x00000000f5580000, 0x00000000f9100000, 0x0000000100000000)
  eden space 28672K, 99% used [0x00000000f5580000,0x00000000f717ffb8,0x00000000f7180000)
  from space 11264K, 0% used [0x00000000f7180000,0x00000000f7180000,0x00000000f7c80000)
  to   space 13824K, 0% used [0x00000000f8380000,0x00000000f8380000,0x00000000f9100000)
 ParOldGen       total 349696K, used 349693K [0x00000000e0000000, 0x00000000f5580000, 0x00000000f5580000)
  object space 349696K, 99% used [0x00000000e0000000,0x00000000f557f6f0,0x00000000f5580000)
 Metaspace       used 56836K, committed 58048K, reserved 1105920K
  class space    used 5648K, committed 6144K, reserved 1048576K
}

